Started GET "/" for ::1 at 2020-10-08 16:36:51 -0700
DEPRECATION WARNING: ActiveRecord::Base.raise_in_transactional_callbacks= is deprecated, has no effect and will be removed without replacement. (called from block (3 levels) in <class:Railtie> at /Users/carlosgarciajr/.rbenv/versions/2.5.1/lib/ruby/gems/2.5.0/gems/activerecord-5.0.7.2/lib/active_record/railtie.rb:113)
Processing by StaticPagesController#index as HTML
  Rendering static_pages/index.html.erb within layouts/application
  Rendered shared/_main_nav.html.erb (0.3ms)
  Rendered shared/_masthead.html.erb (0.2ms)
  Rendered shared/_sections_nav.html.erb (0.2ms)
  Rendered shared/_search_modal.html.erb (0.2ms)
  Rendered shared/_main_content.html.erb (0.2ms)
  Rendered static_pages/index.html.erb within layouts/application (15.2ms)
Completed 200 OK in 362ms (Views: 358.9ms | ActiveRecord: 0.0ms)


Started GET "/assets/application.self-5e5b219656abf8c4e83f7dfd5e5f4f415d8fe2348d16620303a4ed96d1b5a144.css?body=1" for ::1 at 2020-10-08 16:36:52 -0700
Started GET "/" for ::1 at 2020-10-08 16:36:53 -0700
Processing by StaticPagesController#index as HTML
  Rendering static_pages/index.html.erb within layouts/application
  Rendered shared/_main_nav.html.erb (0.2ms)
  Rendered shared/_masthead.html.erb (0.2ms)
  Rendered shared/_sections_nav.html.erb (0.2ms)
  Rendered shared/_search_modal.html.erb (0.2ms)
  Rendered shared/_main_content.html.erb (0.1ms)
  Rendered static_pages/index.html.erb within layouts/application (13.2ms)
Completed 200 OK in 29ms (Views: 26.9ms | ActiveRecord: 0.0ms)


Started GET "/" for ::1 at 2020-10-08 16:37:17 -0700
Processing by StaticPagesController#index as HTML
  Rendering static_pages/index.html.erb within layouts/application
  Rendered shared/_main_nav.html.erb (0.2ms)
  Rendered shared/_masthead.html.erb (0.2ms)
  Rendered shared/_sections_nav.html.erb (0.2ms)
  Rendered shared/_search_modal.html.erb (0.2ms)
  Rendered shared/_main_content.html.erb (0.2ms)
  Rendered static_pages/index.html.erb within layouts/application (14.6ms)
Completed 200 OK in 35ms (Views: 31.8ms | ActiveRecord: 0.0ms)


Started GET "/" for ::1 at 2020-10-08 16:37:20 -0700
Processing by StaticPagesController#index as HTML
  Rendering static_pages/index.html.erb within layouts/application
  Rendered shared/_main_nav.html.erb (0.2ms)
  Rendered shared/_masthead.html.erb (0.2ms)
  Rendered shared/_sections_nav.html.erb (0.2ms)
  Rendered shared/_search_modal.html.erb (0.2ms)
  Rendered shared/_main_content.html.erb (0.2ms)
  Rendered static_pages/index.html.erb within layouts/application (12.8ms)
Completed 200 OK in 30ms (Views: 27.7ms | ActiveRecord: 0.0ms)


Started GET "/" for ::1 at 2020-10-09 09:59:50 -0700
DEPRECATION WARNING: ActiveRecord::Base.raise_in_transactional_callbacks= is deprecated, has no effect and will be removed without replacement. (called from block (3 levels) in <class:Railtie> at /Users/carlosgarciajr/.rbenv/versions/2.5.1/lib/ruby/gems/2.5.0/gems/activerecord-5.0.7.2/lib/active_record/railtie.rb:113)
Processing by StaticPagesController#index as HTML
  Rendering static_pages/index.html.erb within layouts/application
  Rendered shared/_main_nav.html.erb (0.3ms)
  Rendered shared/_masthead.html.erb (0.2ms)
  Rendered shared/_sections_nav.html.erb (0.2ms)
  Rendered shared/_search_modal.html.erb (0.2ms)
  Rendered shared/_main_content.html.erb (0.2ms)
  Rendered static_pages/index.html.erb within layouts/application (15.4ms)
Completed 200 OK in 353ms (Views: 350.1ms | ActiveRecord: 0.0ms)


Started GET "/assets/application.self-7aae4f884d21c0f895d0e25909b4a3857ca3f7bdd4412baf28bf32a8b1f558b1.css?body=1" for ::1 at 2020-10-09 09:59:51 -0700
Started GET "/" for ::1 at 2020-10-09 10:00:16 -0700
Processing by StaticPagesController#index as HTML
  Rendering static_pages/index.html.erb within layouts/application
  Rendered shared/_main_nav.html.erb (0.2ms)
  Rendered shared/_masthead.html.erb (0.2ms)
  Rendered shared/_sections_nav.html.erb (0.1ms)
  Rendered shared/_search_modal.html.erb (0.2ms)
  Rendered shared/_main_content.html.erb (0.4ms)
  Rendered static_pages/index.html.erb within layouts/application (12.9ms)
Completed 200 OK in 34ms (Views: 30.5ms | ActiveRecord: 0.0ms)


Started GET "/assets/new_office.jpg" for ::1 at 2020-10-09 10:00:16 -0700
Started GET "/" for ::1 at 2020-10-09 10:03:51 -0700
Processing by StaticPagesController#index as HTML
  Rendering static_pages/index.html.erb within layouts/application
  Rendered shared/_main_nav.html.erb (0.2ms)
  Rendered shared/_masthead.html.erb (0.2ms)
  Rendered shared/_sections_nav.html.erb (0.3ms)
  Rendered shared/_search_modal.html.erb (0.2ms)
  Rendered shared/_main_content.html.erb (0.3ms)
  Rendered static_pages/index.html.erb within layouts/application (13.1ms)
Completed 200 OK in 109ms (Views: 104.9ms | ActiveRecord: 0.0ms)


Started GET "/assets/application.self-e229079662ba64eec2df88cc9898f07a6b5005419aa37c928d3d684a6d58d3e4.css?body=1" for ::1 at 2020-10-09 10:03:51 -0700
Started GET "/assets/new_office.jpg" for ::1 at 2020-10-09 10:03:51 -0700
Started GET "/" for ::1 at 2020-10-12 13:48:14 -0700
DEPRECATION WARNING: ActiveRecord::Base.raise_in_transactional_callbacks= is deprecated, has no effect and will be removed without replacement. (called from block (3 levels) in <class:Railtie> at /Users/carlosgarciajr/.rbenv/versions/2.5.1/lib/ruby/gems/2.5.0/gems/activerecord-5.0.7.2/lib/active_record/railtie.rb:113)
Processing by StaticPagesController#index as HTML
  Rendering static_pages/index.html.erb within layouts/application
  Rendered shared/_main_nav.html.erb (0.2ms)
  Rendered shared/_masthead.html.erb (0.1ms)
  Rendered shared/_sections_nav.html.erb (0.1ms)
  Rendered shared/_search_modal.html.erb (0.2ms)
  Rendered shared/_main_content.html.erb (0.3ms)
  Rendered static_pages/index.html.erb within layouts/application (14.5ms)
Completed 500 Internal Server Error in 194ms (ActiveRecord: 0.0ms)



Sass::SyntaxError - File to import not found or unreadable: base/grid.scss.
Load paths:
  /Users/carlosgarciajr/Documents/programming/app_academy_work/curriculum/html-css/projects/aa_times/skeleton/app/assets/images
  /Users/carlosgarciajr/Documents/programming/app_academy_work/curriculum/html-css/projects/aa_times/skeleton/app/assets/javascripts
  /Users/carlosgarciajr/Documents/programming/app_academy_work/curriculum/html-css/projects/aa_times/skeleton/app/assets/stylesheets
  /Users/carlosgarciajr/Documents/programming/app_academy_work/curriculum/html-css/projects/aa_times/skeleton/vendor/assets/javascripts
  /Users/carlosgarciajr/Documents/programming/app_academy_work/curriculum/html-css/projects/aa_times/skeleton/vendor/assets/stylesheets
  /Users/carlosgarciajr/.rbenv/versions/2.5.1/lib/ruby/gems/2.5.0/gems/jquery-rails-4.4.0/vendor/assets/javascripts
  /Users/carlosgarciajr/.rbenv/versions/2.5.1/lib/ruby/gems/2.5.0/gems/coffee-rails-4.2.2/lib/assets/javascripts
  /Users/carlosgarciajr/.rbenv/versions/2.5.1/lib/ruby/gems/2.5.0/gems/actioncable-5.0.7.2/lib/assets/compiled:
  app/views/layouts/application.html.erb:7:in `_app_views_layouts_application_html_erb___270333905406359367_70279989431840'

Started POST "/__better_errors/927a171e4587d656/variables" for ::1 at 2020-10-12 13:48:14 -0700
Started GET "/" for ::1 at 2020-10-12 13:48:41 -0700
Processing by StaticPagesController#index as HTML
  Rendering static_pages/index.html.erb within layouts/application
  Rendered shared/_main_nav.html.erb (0.2ms)
  Rendered shared/_masthead.html.erb (0.1ms)
  Rendered shared/_sections_nav.html.erb (0.3ms)
  Rendered shared/_search_modal.html.erb (0.3ms)
  Rendered shared/_main_content.html.erb (0.2ms)
  Rendered static_pages/index.html.erb within layouts/application (12.8ms)
Completed 200 OK in 110ms (Views: 107.4ms | ActiveRecord: 0.0ms)


Started GET "/assets/application.self-1237ad35a9ee79bd64030d4638d1fd80f6734c490eb538e0dd01d7af3c16bf40.css?body=1" for ::1 at 2020-10-12 13:48:41 -0700
Started GET "/" for ::1 at 2020-10-12 13:48:43 -0700
Processing by StaticPagesController#index as HTML
  Rendering static_pages/index.html.erb within layouts/application
  Rendered shared/_main_nav.html.erb (0.2ms)
  Rendered shared/_masthead.html.erb (0.2ms)
  Rendered shared/_sections_nav.html.erb (0.2ms)
  Rendered shared/_search_modal.html.erb (0.2ms)
  Rendered shared/_main_content.html.erb (0.2ms)
  Rendered static_pages/index.html.erb within layouts/application (13.1ms)
Completed 200 OK in 33ms (Views: 29.9ms | ActiveRecord: 0.0ms)


Started GET "/" for ::1 at 2020-10-12 13:55:52 -0700
DEPRECATION WARNING: ActiveRecord::Base.raise_in_transactional_callbacks= is deprecated, has no effect and will be removed without replacement. (called from block (3 levels) in <class:Railtie> at /Users/carlosgarciajr/.rbenv/versions/2.5.1/lib/ruby/gems/2.5.0/gems/activerecord-5.0.7.2/lib/active_record/railtie.rb:113)
Processing by StaticPagesController#index as HTML
  Rendering static_pages/index.html.erb within layouts/application
  Rendered shared/_main_nav.html.erb (0.2ms)
  Rendered shared/_masthead.html.erb (0.1ms)
  Rendered shared/_sections_nav.html.erb (0.3ms)
  Rendered shared/_search_modal.html.erb (0.2ms)
  Rendered shared/_main_content.html.erb (0.3ms)
  Rendered static_pages/index.html.erb within layouts/application (14.6ms)
Completed 200 OK in 257ms (Views: 254.8ms | ActiveRecord: 0.0ms)


Started GET "/assets/application.self-758afe40c177e32f890a8b8e23f11571b5d1785af915c0789bd6a19191afc6ab.css?body=1" for ::1 at 2020-10-12 13:55:52 -0700
Started GET "/assets/new_office.jpg" for ::1 at 2020-10-12 13:55:52 -0700
Started GET "/" for ::1 at 2020-10-12 13:56:32 -0700
Processing by StaticPagesController#index as HTML
  Rendering static_pages/index.html.erb within layouts/application
  Rendered shared/_main_nav.html.erb (0.1ms)
  Rendered shared/_masthead.html.erb (0.2ms)
  Rendered shared/_sections_nav.html.erb (0.1ms)
  Rendered shared/_search_modal.html.erb (0.3ms)
  Rendered shared/_main_content.html.erb (0.3ms)
  Rendered static_pages/index.html.erb within layouts/application (12.3ms)
Completed 200 OK in 75ms (Views: 72.8ms | ActiveRecord: 0.0ms)


Started GET "/assets/application.self-e229079662ba64eec2df88cc9898f07a6b5005419aa37c928d3d684a6d58d3e4.css?body=1" for ::1 at 2020-10-12 13:56:32 -0700
Started GET "/assets/new_office.jpg" for ::1 at 2020-10-12 13:56:32 -0700
Started GET "/" for ::1 at 2020-10-12 13:56:33 -0700
Processing by StaticPagesController#index as HTML
  Rendering static_pages/index.html.erb within layouts/application
  Rendered shared/_main_nav.html.erb (0.2ms)
  Rendered shared/_masthead.html.erb (0.2ms)
  Rendered shared/_sections_nav.html.erb (0.2ms)
  Rendered shared/_search_modal.html.erb (0.2ms)
  Rendered shared/_main_content.html.erb (0.2ms)
  Rendered static_pages/index.html.erb within layouts/application (12.9ms)
Completed 200 OK in 34ms (Views: 31.3ms | ActiveRecord: 0.0ms)


Started GET "/assets/new_office.jpg" for ::1 at 2020-10-12 13:56:33 -0700
Started GET "/" for ::1 at 2020-10-12 13:57:15 -0700
Processing by StaticPagesController#index as HTML
  Rendering static_pages/index.html.erb within layouts/application
  Rendered shared/_main_nav.html.erb (0.2ms)
  Rendered shared/_masthead.html.erb (0.2ms)
  Rendered shared/_sections_nav.html.erb (0.2ms)
  Rendered shared/_search_modal.html.erb (0.2ms)
  Rendered shared/_main_content.html.erb (0.3ms)
  Rendered static_pages/index.html.erb within layouts/application (12.6ms)
Completed 200 OK in 92ms (Views: 88.2ms | ActiveRecord: 0.0ms)


Started GET "/assets/application.self-7aae4f884d21c0f895d0e25909b4a3857ca3f7bdd4412baf28bf32a8b1f558b1.css?body=1" for ::1 at 2020-10-12 13:57:15 -0700
Started GET "/assets/new_office.jpg" for ::1 at 2020-10-12 13:57:15 -0700
Started GET "/" for ::1 at 2020-10-16 15:15:06 -0500
DEPRECATION WARNING: ActiveRecord::Base.raise_in_transactional_callbacks= is deprecated, has no effect and will be removed without replacement. (called from block (3 levels) in <class:Railtie> at /home/gjulaka/.rbenv/versions/2.5.1/lib/ruby/gems/2.5.0/gems/activerecord-5.0.7.2/lib/active_record/railtie.rb:113)
Processing by StaticPagesController#index as HTML
  Rendering static_pages/index.html.erb within layouts/application
  Rendered shared/_main_nav.html.erb (0.2ms)
  Rendered shared/_masthead.html.erb (0.3ms)
  Rendered shared/_sections_nav.html.erb (0.2ms)
  Rendered shared/_search_modal.html.erb (0.2ms)
  Rendered shared/_main_content.html.erb (0.3ms)
  Rendered static_pages/index.html.erb within layouts/application (33.0ms)
Completed 200 OK in 2423ms (Views: 2414.0ms | ActiveRecord: 0.0ms)


Started GET "/assets/application.self-a58ec85e06c1ad33ec0e34d51cfee6b8407ed43e28f6967535e1fdd4ec9b3eff.css?body=1" for ::1 at 2020-10-16 15:15:10 -0500
Started GET "/assets/jquery.self-bd7ddd393353a8d2480a622e80342adf488fb6006d667e8b42e4c0073393abee.js?body=1" for ::1 at 2020-10-16 15:15:10 -0500
Started GET "/assets/jquery_ujs.self-784a997f6726036b1993eb2217c9cb558e1cbb801c6da88105588c56f13b466a.js?body=1" for ::1 at 2020-10-16 15:15:10 -0500
Started GET "/assets/components/modal.self-52188644dbb47def5ee35ae02e69eb567ca9b664472357a8a5789dd39032a265.js?body=1" for ::1 at 2020-10-16 15:15:10 -0500
Started GET "/assets/components/sidebar.self-2a1277f850a6fa21e1a974ef5152f177ac05516477d5081d593bb137b3d6808b.js?body=1" for ::1 at 2020-10-16 15:15:10 -0500
Started GET "/assets/application.self-f571b9db02bf4ed04c38a6a29072ac382f7d4f47db1fab9817aeadb0d8665235.js?body=1" for ::1 at 2020-10-16 15:15:10 -0500
Started GET "/" for ::1 at 2020-10-16 15:30:12 -0500
Processing by StaticPagesController#index as HTML
  Rendering static_pages/index.html.erb within layouts/application
  Rendered shared/_main_nav.html.erb (0.5ms)
  Rendered shared/_masthead.html.erb (0.6ms)
  Rendered shared/_sections_nav.html.erb (0.5ms)
  Rendered shared/_search_modal.html.erb (0.4ms)
  Rendered shared/_main_content.html.erb (0.5ms)
  Rendered static_pages/index.html.erb within layouts/application (45.5ms)
Completed 200 OK in 159ms (Views: 152.1ms | ActiveRecord: 0.0ms)


Started GET "/assets/application.self-a58ec85e06c1ad33ec0e34d51cfee6b8407ed43e28f6967535e1fdd4ec9b3eff.css?body=1" for ::1 at 2020-10-16 15:30:12 -0500
Started GET "/assets/jquery.self-bd7ddd393353a8d2480a622e80342adf488fb6006d667e8b42e4c0073393abee.js?body=1" for ::1 at 2020-10-16 15:30:12 -0500
Started GET "/assets/components/modal.self-52188644dbb47def5ee35ae02e69eb567ca9b664472357a8a5789dd39032a265.js?body=1" for ::1 at 2020-10-16 15:30:12 -0500
Started GET "/assets/components/sidebar.self-2a1277f850a6fa21e1a974ef5152f177ac05516477d5081d593bb137b3d6808b.js?body=1" for ::1 at 2020-10-16 15:30:12 -0500
Started GET "/assets/jquery_ujs.self-784a997f6726036b1993eb2217c9cb558e1cbb801c6da88105588c56f13b466a.js?body=1" for ::1 at 2020-10-16 15:30:12 -0500
Started GET "/assets/application.self-f571b9db02bf4ed04c38a6a29072ac382f7d4f47db1fab9817aeadb0d8665235.js?body=1" for ::1 at 2020-10-16 15:30:12 -0500
Started GET "/assets/application.self-a58ec85e06c1ad33ec0e34d51cfee6b8407ed43e28f6967535e1fdd4ec9b3eff.css?body=1&livereload=1602880781435" for ::1 at 2020-10-16 15:39:41 -0500
Started GET "/assets/application.self-a58ec85e06c1ad33ec0e34d51cfee6b8407ed43e28f6967535e1fdd4ec9b3eff.css?body=1&livereload=1602880781437" for ::1 at 2020-10-16 15:39:41 -0500
Started GET "/" for ::1 at 2020-10-16 15:39:51 -0500
Processing by StaticPagesController#index as HTML
  Rendering static_pages/index.html.erb within layouts/application
  Rendered shared/_main_nav.html.erb (0.4ms)
  Rendered shared/_masthead.html.erb (0.8ms)
  Rendered shared/_sections_nav.html.erb (0.2ms)
  Rendered shared/_search_modal.html.erb (0.4ms)
  Rendered shared/_main_content.html.erb (0.2ms)
  Rendered static_pages/index.html.erb within layouts/application (21.3ms)
Completed 200 OK in 127ms (Views: 124.2ms | ActiveRecord: 0.0ms)


Started GET "/assets/application.self-24c206bb6ff14d5a224021c0d86a3680ec26f77bf2d7e02e642973e1916de9ad.css?body=1" for ::1 at 2020-10-16 15:39:51 -0500
Started GET "/assets/application.self-24c206bb6ff14d5a224021c0d86a3680ec26f77bf2d7e02e642973e1916de9ad.css?body=1&livereload=1602880861477" for ::1 at 2020-10-16 15:41:01 -0500
Started GET "/assets/application.self-24c206bb6ff14d5a224021c0d86a3680ec26f77bf2d7e02e642973e1916de9ad.css?body=1&livereload=1602880861478" for ::1 at 2020-10-16 15:41:01 -0500
Started GET "/assets/application.self-24c206bb6ff14d5a224021c0d86a3680ec26f77bf2d7e02e642973e1916de9ad.css?body=1&livereload=1602880879916" for ::1 at 2020-10-16 15:41:19 -0500
Started GET "/assets/application.self-24c206bb6ff14d5a224021c0d86a3680ec26f77bf2d7e02e642973e1916de9ad.css?body=1&livereload=1602880879917" for ::1 at 2020-10-16 15:41:19 -0500
Started GET "/assets/application.self-24c206bb6ff14d5a224021c0d86a3680ec26f77bf2d7e02e642973e1916de9ad.css?body=1&livereload=1602880955925" for ::1 at 2020-10-16 15:42:35 -0500
Started GET "/assets/application.self-24c206bb6ff14d5a224021c0d86a3680ec26f77bf2d7e02e642973e1916de9ad.css?body=1&livereload=1602880955926" for ::1 at 2020-10-16 15:42:35 -0500
Started GET "/" for ::1 at 2020-10-16 15:42:47 -0500
Processing by StaticPagesController#index as HTML
  Rendering static_pages/index.html.erb within layouts/application
  Rendered shared/_main_nav.html.erb (0.2ms)
  Rendered shared/_masthead.html.erb (0.3ms)
  Rendered shared/_sections_nav.html.erb (0.2ms)
  Rendered shared/_search_modal.html.erb (0.2ms)
  Rendered shared/_main_content.html.erb (0.2ms)
  Rendered static_pages/index.html.erb within layouts/application (18.4ms)
Completed 200 OK in 114ms (Views: 110.4ms | ActiveRecord: 0.0ms)


Started GET "/assets/application.self-d22063db493ee6f9666491546f2629fe242991a2c3e00bb0c5ecc84ac26f8703.css?body=1" for ::1 at 2020-10-16 15:42:47 -0500
Started GET "/assets/application.self-d22063db493ee6f9666491546f2629fe242991a2c3e00bb0c5ecc84ac26f8703.css?body=1&livereload=1602880982661" for ::1 at 2020-10-16 15:43:02 -0500
Started GET "/assets/application.self-d22063db493ee6f9666491546f2629fe242991a2c3e00bb0c5ecc84ac26f8703.css?body=1&livereload=1602880982662" for ::1 at 2020-10-16 15:43:02 -0500
Started GET "/assets/application.self-d22063db493ee6f9666491546f2629fe242991a2c3e00bb0c5ecc84ac26f8703.css?body=1&livereload=1602882875690" for ::1 at 2020-10-16 16:14:35 -0500
Started GET "/assets/application.self-d22063db493ee6f9666491546f2629fe242991a2c3e00bb0c5ecc84ac26f8703.css?body=1&livereload=1602882875688" for ::1 at 2020-10-16 16:14:35 -0500
Started GET "/" for ::1 at 2020-10-16 16:16:30 -0500
Processing by StaticPagesController#index as HTML
  Rendering static_pages/index.html.erb within layouts/application
  Rendered shared/_main_nav.html.erb (0.8ms)
  Rendered shared/_masthead.html.erb (1.5ms)
  Rendered shared/_sections_nav.html.erb (0.8ms)
  Rendered shared/_search_modal.html.erb (1.8ms)
  Rendered shared/_main_content.html.erb (0.5ms)
  Rendered static_pages/index.html.erb within layouts/application (32.3ms)
Completed 200 OK in 215ms (Views: 211.0ms | ActiveRecord: 0.0ms)


Started GET "/assets/application.self-181b634e658eb308ef9307aa8d523a6a31da242a499f9c38b6701fa8ff376b8d.css?body=1" for ::1 at 2020-10-16 16:16:30 -0500
Started GET "/assets/application.self-181b634e658eb308ef9307aa8d523a6a31da242a499f9c38b6701fa8ff376b8d.css?body=1&livereload=1602883009342" for ::1 at 2020-10-16 16:16:49 -0500
Started GET "/assets/application.self-181b634e658eb308ef9307aa8d523a6a31da242a499f9c38b6701fa8ff376b8d.css?body=1&livereload=1602883009344" for ::1 at 2020-10-16 16:16:49 -0500
Started GET "/" for ::1 at 2020-10-16 16:18:57 -0500
Processing by StaticPagesController#index as HTML
  Rendering static_pages/index.html.erb within layouts/application
  Rendered shared/_main_nav.html.erb (0.2ms)
  Rendered shared/_masthead.html.erb (0.2ms)
  Rendered shared/_sections_nav.html.erb (1.0ms)
  Rendered shared/_search_modal.html.erb (0.2ms)
  Rendered shared/_main_content.html.erb (0.2ms)
  Rendered static_pages/index.html.erb within layouts/application (22.5ms)
Completed 200 OK in 113ms (Views: 110.2ms | ActiveRecord: 0.0ms)


Started GET "/assets/application.self-a78fbdfc98ce36f233003984ff1f080e0ccf674abf883b990300a0ce0e594062.css?body=1" for ::1 at 2020-10-16 16:18:57 -0500
Started GET "/" for ::1 at 2020-10-16 16:19:25 -0500
Processing by StaticPagesController#index as HTML
  Rendering static_pages/index.html.erb within layouts/application
  Rendered shared/_main_nav.html.erb (0.3ms)
  Rendered shared/_masthead.html.erb (0.2ms)
  Rendered shared/_sections_nav.html.erb (0.7ms)
  Rendered shared/_search_modal.html.erb (0.6ms)
  Rendered shared/_main_content.html.erb (0.3ms)
  Rendered static_pages/index.html.erb within layouts/application (28.8ms)
Completed 200 OK in 73ms (Views: 70.5ms | ActiveRecord: 0.0ms)


Started GET "/assets/application.self-a78fbdfc98ce36f233003984ff1f080e0ccf674abf883b990300a0ce0e594062.css?body=1" for ::1 at 2020-10-16 16:19:25 -0500
Started GET "/" for ::1 at 2020-10-16 16:20:34 -0500
Processing by StaticPagesController#index as HTML
  Rendering static_pages/index.html.erb within layouts/application
  Rendered shared/_main_nav.html.erb (1.6ms)
  Rendered shared/_masthead.html.erb (0.3ms)
  Rendered shared/_sections_nav.html.erb (0.9ms)
  Rendered shared/_search_modal.html.erb (0.3ms)
  Rendered shared/_main_content.html.erb (0.2ms)
  Rendered static_pages/index.html.erb within layouts/application (26.8ms)
Completed 200 OK in 63ms (Views: 59.6ms | ActiveRecord: 0.0ms)


Started GET "/assets/application.self-a78fbdfc98ce36f233003984ff1f080e0ccf674abf883b990300a0ce0e594062.css?body=1" for ::1 at 2020-10-16 16:20:34 -0500
Started GET "/" for ::1 at 2020-10-16 16:21:37 -0500
Processing by StaticPagesController#index as HTML
  Rendering static_pages/index.html.erb within layouts/application
  Rendered shared/_main_nav.html.erb (0.8ms)
  Rendered shared/_masthead.html.erb (0.3ms)
  Rendered shared/_sections_nav.html.erb (0.3ms)
  Rendered shared/_search_modal.html.erb (1.1ms)
  Rendered shared/_main_content.html.erb (0.3ms)
  Rendered static_pages/index.html.erb within layouts/application (23.2ms)
Completed 200 OK in 58ms (Views: 55.9ms | ActiveRecord: 0.0ms)


Started GET "/assets/application.self-a78fbdfc98ce36f233003984ff1f080e0ccf674abf883b990300a0ce0e594062.css?body=1" for ::1 at 2020-10-16 16:21:38 -0500
Started GET "/assets/application.self-a78fbdfc98ce36f233003984ff1f080e0ccf674abf883b990300a0ce0e594062.css?body=1&livereload=1602883601494" for ::1 at 2020-10-16 16:26:41 -0500
Started GET "/assets/application.self-a78fbdfc98ce36f233003984ff1f080e0ccf674abf883b990300a0ce0e594062.css?body=1&livereload=1602883601495" for ::1 at 2020-10-16 16:26:41 -0500
Started GET "/assets/application.self-a78fbdfc98ce36f233003984ff1f080e0ccf674abf883b990300a0ce0e594062.css?body=1&livereload=1602883602578" for ::1 at 2020-10-16 16:26:42 -0500
Started GET "/assets/application.self-a78fbdfc98ce36f233003984ff1f080e0ccf674abf883b990300a0ce0e594062.css?body=1&livereload=1602883602582" for ::1 at 2020-10-16 16:26:42 -0500
Started GET "/assets/application.self-a78fbdfc98ce36f233003984ff1f080e0ccf674abf883b990300a0ce0e594062.css?body=1&livereload=1602883621555" for ::1 at 2020-10-16 16:27:01 -0500
Started GET "/assets/application.self-a78fbdfc98ce36f233003984ff1f080e0ccf674abf883b990300a0ce0e594062.css?body=1&livereload=1602883621556" for ::1 at 2020-10-16 16:27:01 -0500
Started GET "/assets/application.self-a78fbdfc98ce36f233003984ff1f080e0ccf674abf883b990300a0ce0e594062.css?body=1&livereload=1602883666749" for ::1 at 2020-10-16 16:27:46 -0500
Started GET "/assets/application.self-a78fbdfc98ce36f233003984ff1f080e0ccf674abf883b990300a0ce0e594062.css?body=1&livereload=1602883666750" for ::1 at 2020-10-16 16:27:46 -0500
Started GET "/assets/application.self-a78fbdfc98ce36f233003984ff1f080e0ccf674abf883b990300a0ce0e594062.css?body=1&livereload=1602883702454" for ::1 at 2020-10-16 16:28:22 -0500
Started GET "/assets/application.self-a78fbdfc98ce36f233003984ff1f080e0ccf674abf883b990300a0ce0e594062.css?body=1&livereload=1602883702455" for ::1 at 2020-10-16 16:28:22 -0500
Started GET "/assets/application.self-a78fbdfc98ce36f233003984ff1f080e0ccf674abf883b990300a0ce0e594062.css?body=1&livereload=1602883710137" for ::1 at 2020-10-16 16:28:30 -0500
Started GET "/assets/application.self-a78fbdfc98ce36f233003984ff1f080e0ccf674abf883b990300a0ce0e594062.css?body=1&livereload=1602883710138" for ::1 at 2020-10-16 16:28:30 -0500
Started GET "/assets/application.self-a78fbdfc98ce36f233003984ff1f080e0ccf674abf883b990300a0ce0e594062.css?body=1&livereload=1602883719356" for ::1 at 2020-10-16 16:28:39 -0500
Started GET "/assets/application.self-a78fbdfc98ce36f233003984ff1f080e0ccf674abf883b990300a0ce0e594062.css?body=1&livereload=1602883719357" for ::1 at 2020-10-16 16:28:39 -0500
Started GET "/assets/application.self-a78fbdfc98ce36f233003984ff1f080e0ccf674abf883b990300a0ce0e594062.css?body=1&livereload=1602883721345" for ::1 at 2020-10-16 16:28:41 -0500
Started GET "/assets/application.self-a78fbdfc98ce36f233003984ff1f080e0ccf674abf883b990300a0ce0e594062.css?body=1&livereload=1602883721347" for ::1 at 2020-10-16 16:28:41 -0500
Started GET "/assets/application.self-a78fbdfc98ce36f233003984ff1f080e0ccf674abf883b990300a0ce0e594062.css?body=1&livereload=1602883756303" for ::1 at 2020-10-16 16:29:16 -0500
Started GET "/assets/application.self-a78fbdfc98ce36f233003984ff1f080e0ccf674abf883b990300a0ce0e594062.css?body=1&livereload=1602883756304" for ::1 at 2020-10-16 16:29:16 -0500
Started GET "/assets/application.self-a78fbdfc98ce36f233003984ff1f080e0ccf674abf883b990300a0ce0e594062.css?body=1&livereload=1602883760730" for ::1 at 2020-10-16 16:29:20 -0500
Started GET "/assets/application.self-a78fbdfc98ce36f233003984ff1f080e0ccf674abf883b990300a0ce0e594062.css?body=1&livereload=1602883760731" for ::1 at 2020-10-16 16:29:20 -0500
Started GET "/" for ::1 at 2020-10-16 16:29:37 -0500
Processing by StaticPagesController#index as HTML
  Rendering static_pages/index.html.erb within layouts/application
  Rendered shared/_main_nav.html.erb (1.0ms)
  Rendered shared/_masthead.html.erb (0.8ms)
  Rendered shared/_sections_nav.html.erb (0.6ms)
  Rendered shared/_search_modal.html.erb (0.2ms)
  Rendered shared/_main_content.html.erb (1.4ms)
  Rendered static_pages/index.html.erb within layouts/application (26.6ms)
Completed 200 OK in 109ms (Views: 105.1ms | ActiveRecord: 0.0ms)


Started GET "/assets/application.self-2a9df309a84327c7889c8c824064bc36dd7d65fea05ca82de124273cfc42512b.css?body=1" for ::1 at 2020-10-16 16:29:37 -0500
Started GET "/assets/application.self-2a9df309a84327c7889c8c824064bc36dd7d65fea05ca82de124273cfc42512b.css?body=1&livereload=1602883800316" for ::1 at 2020-10-16 16:30:00 -0500
Started GET "/assets/application.self-2a9df309a84327c7889c8c824064bc36dd7d65fea05ca82de124273cfc42512b.css?body=1&livereload=1602883800317" for ::1 at 2020-10-16 16:30:00 -0500
Started GET "/assets/application.self-2a9df309a84327c7889c8c824064bc36dd7d65fea05ca82de124273cfc42512b.css?body=1&livereload=1602883808625" for ::1 at 2020-10-16 16:30:08 -0500
Started GET "/assets/application.self-2a9df309a84327c7889c8c824064bc36dd7d65fea05ca82de124273cfc42512b.css?body=1&livereload=1602883808627" for ::1 at 2020-10-16 16:30:08 -0500
Started GET "/assets/application.self-2a9df309a84327c7889c8c824064bc36dd7d65fea05ca82de124273cfc42512b.css?body=1&livereload=1602883824801" for ::1 at 2020-10-16 16:30:24 -0500
Started GET "/assets/application.self-2a9df309a84327c7889c8c824064bc36dd7d65fea05ca82de124273cfc42512b.css?body=1&livereload=1602883824803" for ::1 at 2020-10-16 16:30:24 -0500
Started GET "/assets/application.self-2a9df309a84327c7889c8c824064bc36dd7d65fea05ca82de124273cfc42512b.css?body=1&livereload=1602883829501" for ::1 at 2020-10-16 16:30:29 -0500
Started GET "/assets/application.self-2a9df309a84327c7889c8c824064bc36dd7d65fea05ca82de124273cfc42512b.css?body=1&livereload=1602883829502" for ::1 at 2020-10-16 16:30:29 -0500
Started GET "/assets/application.self-2a9df309a84327c7889c8c824064bc36dd7d65fea05ca82de124273cfc42512b.css?body=1&livereload=1602883855908" for ::1 at 2020-10-16 16:30:55 -0500
Started GET "/assets/application.self-2a9df309a84327c7889c8c824064bc36dd7d65fea05ca82de124273cfc42512b.css?body=1&livereload=1602883855909" for ::1 at 2020-10-16 16:30:55 -0500
Started GET "/assets/application.self-2a9df309a84327c7889c8c824064bc36dd7d65fea05ca82de124273cfc42512b.css?body=1&livereload=1602883879056" for ::1 at 2020-10-16 16:31:19 -0500
Started GET "/assets/application.self-2a9df309a84327c7889c8c824064bc36dd7d65fea05ca82de124273cfc42512b.css?body=1&livereload=1602883879058" for ::1 at 2020-10-16 16:31:19 -0500
Started GET "/assets/application.self-2a9df309a84327c7889c8c824064bc36dd7d65fea05ca82de124273cfc42512b.css?body=1&livereload=1602883907173" for ::1 at 2020-10-16 16:31:47 -0500
Started GET "/assets/application.self-2a9df309a84327c7889c8c824064bc36dd7d65fea05ca82de124273cfc42512b.css?body=1&livereload=1602883907175" for ::1 at 2020-10-16 16:31:47 -0500
Started GET "/assets/application.self-2a9df309a84327c7889c8c824064bc36dd7d65fea05ca82de124273cfc42512b.css?body=1&livereload=1602883909973" for ::1 at 2020-10-16 16:31:49 -0500
Started GET "/assets/application.self-2a9df309a84327c7889c8c824064bc36dd7d65fea05ca82de124273cfc42512b.css?body=1&livereload=1602883909975" for ::1 at 2020-10-16 16:31:49 -0500
Started GET "/assets/application.self-2a9df309a84327c7889c8c824064bc36dd7d65fea05ca82de124273cfc42512b.css?body=1&livereload=1602883911148" for ::1 at 2020-10-16 16:31:51 -0500
Started GET "/assets/application.self-2a9df309a84327c7889c8c824064bc36dd7d65fea05ca82de124273cfc42512b.css?body=1&livereload=1602883911149" for ::1 at 2020-10-16 16:31:51 -0500
Started GET "/assets/application.self-2a9df309a84327c7889c8c824064bc36dd7d65fea05ca82de124273cfc42512b.css?body=1&livereload=1602883914765" for ::1 at 2020-10-16 16:31:54 -0500
Started GET "/assets/application.self-2a9df309a84327c7889c8c824064bc36dd7d65fea05ca82de124273cfc42512b.css?body=1&livereload=1602883914766" for ::1 at 2020-10-16 16:31:54 -0500
Started GET "/assets/application.self-2a9df309a84327c7889c8c824064bc36dd7d65fea05ca82de124273cfc42512b.css?body=1&livereload=1602883920822" for ::1 at 2020-10-16 16:32:00 -0500
Started GET "/assets/application.self-2a9df309a84327c7889c8c824064bc36dd7d65fea05ca82de124273cfc42512b.css?body=1&livereload=1602883920823" for ::1 at 2020-10-16 16:32:00 -0500
Started GET "/assets/application.self-2a9df309a84327c7889c8c824064bc36dd7d65fea05ca82de124273cfc42512b.css?body=1&livereload=1602883953099" for ::1 at 2020-10-16 16:32:33 -0500
Started GET "/assets/application.self-2a9df309a84327c7889c8c824064bc36dd7d65fea05ca82de124273cfc42512b.css?body=1&livereload=1602883953100" for ::1 at 2020-10-16 16:32:33 -0500
Started GET "/assets/application.self-2a9df309a84327c7889c8c824064bc36dd7d65fea05ca82de124273cfc42512b.css?body=1&livereload=1602884050099" for ::1 at 2020-10-16 16:34:10 -0500
Started GET "/assets/application.self-2a9df309a84327c7889c8c824064bc36dd7d65fea05ca82de124273cfc42512b.css?body=1&livereload=1602884050100" for ::1 at 2020-10-16 16:34:10 -0500
Started GET "/assets/application.self-2a9df309a84327c7889c8c824064bc36dd7d65fea05ca82de124273cfc42512b.css?body=1&livereload=1602884065645" for ::1 at 2020-10-16 16:34:25 -0500
Started GET "/assets/application.self-2a9df309a84327c7889c8c824064bc36dd7d65fea05ca82de124273cfc42512b.css?body=1&livereload=1602884065650" for ::1 at 2020-10-16 16:34:25 -0500
Started GET "/assets/application.self-2a9df309a84327c7889c8c824064bc36dd7d65fea05ca82de124273cfc42512b.css?body=1&livereload=1602884081562" for ::1 at 2020-10-16 16:34:41 -0500
Started GET "/assets/application.self-2a9df309a84327c7889c8c824064bc36dd7d65fea05ca82de124273cfc42512b.css?body=1&livereload=1602884081563" for ::1 at 2020-10-16 16:34:41 -0500
Started GET "/assets/application.self-2a9df309a84327c7889c8c824064bc36dd7d65fea05ca82de124273cfc42512b.css?body=1&livereload=1602884084815" for ::1 at 2020-10-16 16:34:44 -0500
Started GET "/assets/application.self-2a9df309a84327c7889c8c824064bc36dd7d65fea05ca82de124273cfc42512b.css?body=1&livereload=1602884084816" for ::1 at 2020-10-16 16:34:44 -0500
Started GET "/assets/application.self-2a9df309a84327c7889c8c824064bc36dd7d65fea05ca82de124273cfc42512b.css?body=1&livereload=1602884102354" for ::1 at 2020-10-16 16:35:02 -0500
Started GET "/assets/application.self-2a9df309a84327c7889c8c824064bc36dd7d65fea05ca82de124273cfc42512b.css?body=1&livereload=1602884102356" for ::1 at 2020-10-16 16:35:02 -0500
Started GET "/assets/application.self-2a9df309a84327c7889c8c824064bc36dd7d65fea05ca82de124273cfc42512b.css?body=1&livereload=1602884125237" for ::1 at 2020-10-16 16:35:25 -0500
Started GET "/assets/application.self-2a9df309a84327c7889c8c824064bc36dd7d65fea05ca82de124273cfc42512b.css?body=1&livereload=1602884125241" for ::1 at 2020-10-16 16:35:25 -0500
Started GET "/assets/application.self-2a9df309a84327c7889c8c824064bc36dd7d65fea05ca82de124273cfc42512b.css?body=1&livereload=1602884133915" for ::1 at 2020-10-16 16:35:33 -0500
Started GET "/assets/application.self-2a9df309a84327c7889c8c824064bc36dd7d65fea05ca82de124273cfc42512b.css?body=1&livereload=1602884133919" for ::1 at 2020-10-16 16:35:33 -0500
Started GET "/assets/application.self-2a9df309a84327c7889c8c824064bc36dd7d65fea05ca82de124273cfc42512b.css?body=1&livereload=1602884147661" for ::1 at 2020-10-16 16:35:47 -0500
Started GET "/assets/application.self-2a9df309a84327c7889c8c824064bc36dd7d65fea05ca82de124273cfc42512b.css?body=1&livereload=1602884147663" for ::1 at 2020-10-16 16:35:47 -0500
Started GET "/assets/application.self-2a9df309a84327c7889c8c824064bc36dd7d65fea05ca82de124273cfc42512b.css?body=1&livereload=1602884163024" for ::1 at 2020-10-16 16:36:03 -0500
Started GET "/assets/application.self-2a9df309a84327c7889c8c824064bc36dd7d65fea05ca82de124273cfc42512b.css?body=1&livereload=1602884163025" for ::1 at 2020-10-16 16:36:03 -0500
Started GET "/assets/application.self-2a9df309a84327c7889c8c824064bc36dd7d65fea05ca82de124273cfc42512b.css?body=1&livereload=1602884167183" for ::1 at 2020-10-16 16:36:07 -0500
Started GET "/assets/application.self-2a9df309a84327c7889c8c824064bc36dd7d65fea05ca82de124273cfc42512b.css?body=1&livereload=1602884167184" for ::1 at 2020-10-16 16:36:07 -0500
Started GET "/assets/application.self-2a9df309a84327c7889c8c824064bc36dd7d65fea05ca82de124273cfc42512b.css?body=1&livereload=1602884171161" for ::1 at 2020-10-16 16:36:11 -0500
Started GET "/assets/application.self-2a9df309a84327c7889c8c824064bc36dd7d65fea05ca82de124273cfc42512b.css?body=1&livereload=1602884171164" for ::1 at 2020-10-16 16:36:11 -0500
Started GET "/assets/application.self-2a9df309a84327c7889c8c824064bc36dd7d65fea05ca82de124273cfc42512b.css?body=1&livereload=1602884172608" for ::1 at 2020-10-16 16:36:12 -0500
Started GET "/assets/application.self-2a9df309a84327c7889c8c824064bc36dd7d65fea05ca82de124273cfc42512b.css?body=1&livereload=1602884172611" for ::1 at 2020-10-16 16:36:12 -0500
Started GET "/assets/application.self-2a9df309a84327c7889c8c824064bc36dd7d65fea05ca82de124273cfc42512b.css?body=1&livereload=1602884175501" for ::1 at 2020-10-16 16:36:15 -0500
Started GET "/assets/application.self-2a9df309a84327c7889c8c824064bc36dd7d65fea05ca82de124273cfc42512b.css?body=1&livereload=1602884175503" for ::1 at 2020-10-16 16:36:15 -0500
Started GET "/assets/application.self-2a9df309a84327c7889c8c824064bc36dd7d65fea05ca82de124273cfc42512b.css?body=1&livereload=1602884182199" for ::1 at 2020-10-16 16:36:22 -0500
Started GET "/assets/application.self-2a9df309a84327c7889c8c824064bc36dd7d65fea05ca82de124273cfc42512b.css?body=1&livereload=1602884182201" for ::1 at 2020-10-16 16:36:22 -0500
Started GET "/assets/application.self-2a9df309a84327c7889c8c824064bc36dd7d65fea05ca82de124273cfc42512b.css?body=1&livereload=1602884183373" for ::1 at 2020-10-16 16:36:23 -0500
Started GET "/assets/application.self-2a9df309a84327c7889c8c824064bc36dd7d65fea05ca82de124273cfc42512b.css?body=1&livereload=1602884183376" for ::1 at 2020-10-16 16:36:23 -0500
Started GET "/assets/application.self-2a9df309a84327c7889c8c824064bc36dd7d65fea05ca82de124273cfc42512b.css?body=1&livereload=1602884205713" for ::1 at 2020-10-16 16:36:45 -0500
Started GET "/assets/application.self-2a9df309a84327c7889c8c824064bc36dd7d65fea05ca82de124273cfc42512b.css?body=1&livereload=1602884205714" for ::1 at 2020-10-16 16:36:45 -0500
Started GET "/assets/application.self-2a9df309a84327c7889c8c824064bc36dd7d65fea05ca82de124273cfc42512b.css?body=1&livereload=1602884209780" for ::1 at 2020-10-16 16:36:49 -0500
Started GET "/assets/application.self-2a9df309a84327c7889c8c824064bc36dd7d65fea05ca82de124273cfc42512b.css?body=1&livereload=1602884209782" for ::1 at 2020-10-16 16:36:49 -0500
